<?xml version="1.0" encoding="UTF-8"?>
<!-- Generated by org.testng.reporters.JUnitReportReporter -->
<testsuite hostname="CN-ON-PF3ZFK5J" failures="0" tests="1" name="com.cheapoair.ca.LoginPage" time="0.088" errors="0" timestamp="11 Nov 2024 21:57:59 GMT" skipped="0">
  <testcase classname="com.cheapoair.ca.LoginPage" name="accessGoogle" time="0.088"/>
</testsuite> <!-- com.cheapoair.ca.LoginPage -->
